<?xml version="1.0" encoding="UTF-8"?>
<!-- Generated by org.testng.reporters.JUnitXMLReporter -->
<testsuite ignored="1" hostname="USGURNKUMARSA04" failures="0" tests="3" name="Group Functionality" time="0.078" errors="0" timestamp="2023-03-23T18:17:55 IST">
  <testcase classname="com.testing.traning.TestCaseGrouping" name="testCaseFour" time="0.012"/>
  <testcase classname="com.testing.traning.TestCaseGrouping" name="testCaseOne" time="0.002"/>
  <testcase classname="com.testing.traning.TestCaseGrouping" name="testCaseTwo" time="0.002"/>
  <testcase classname="com.testing.traning.TestCaseGrouping" name="testCaseThree" time="0.0">
    <ignored/>
  </testcase> <!-- testCaseThree -->
</testsuite> <!-- Group Functionality -->
