<?xml version="1.0" encoding="UTF-8"?>
<testng-results ignored="0" total="1" passed="1" failed="0" skipped="0">
  <reporter-output>
  </reporter-output>
  <suite started-at="2023-03-08T21:47:06 IST" name="Suite" finished-at="2023-03-08T21:47:06 IST" duration-ms="127">
    <groups>
    </groups>
    <test started-at="2023-03-08T21:47:06 IST" name="Test" finished-at="2023-03-08T21:47:06 IST" duration-ms="127">
      <class name="com.testing.maven.MavenTestNGExample">
        <test-method is-config="true" signature="myBeforeClass()[pri:0, instance:com.testing.maven.MavenTestNGExample@56528192]" started-at="2023-03-08T21:47:06 IST" name="myBeforeClass" finished-at="2023-03-08T21:47:06 IST" duration-ms="27" status="PASS">
          <reporter-output>
          </reporter-output>
        </test-method> <!-- myBeforeClass -->
        <test-method signature="myTest()[pri:0, instance:com.testing.maven.MavenTestNGExample@56528192]" started-at="2023-03-08T21:47:06 IST" name="myTest" finished-at="2023-03-08T21:47:06 IST" duration-ms="7" status="PASS">
          <reporter-output>
          </reporter-output>
        </test-method> <!-- myTest -->
        <test-method is-config="true" signature="myAfterClass()[pri:0, instance:com.testing.maven.MavenTestNGExample@56528192]" started-at="2023-03-08T21:47:06 IST" name="myAfterClass" finished-at="2023-03-08T21:47:06 IST" duration-ms="1" status="PASS">
          <reporter-output>
          </reporter-output>
        </test-method> <!-- myAfterClass -->
      </class> <!-- com.testing.maven.MavenTestNGExample -->
    </test> <!-- Test -->
  </suite> <!-- Suite -->
</testng-results>
