<?xml version="1.0" encoding="UTF-8"?>
<testng-results ignored="0" total="1" passed="1" failed="0" skipped="0">
  <reporter-output>
  </reporter-output>
  <suite started-at="2023-03-10T20:42:20 IST" name="TestNG Sample" finished-at="2023-03-10T20:42:20 IST" duration-ms="46">
    <groups>
    </groups>
    <test started-at="2023-03-10T20:42:20 IST" name="Sample" finished-at="2023-03-10T20:42:20 IST" duration-ms="46">
      <class name="executionorder.AnnotationsTest">
        <test-method is-config="true" signature="beforeClass()[pri:0, instance:executionorder.AnnotationsTest@6f96c77]" started-at="2023-03-10T20:42:20 IST" name="beforeClass" finished-at="2023-03-10T20:42:20 IST" duration-ms="0" status="PASS">
          <reporter-output>
          </reporter-output>
        </test-method> <!-- beforeClass -->
        <test-method is-config="true" signature="beforeMethod()[pri:0, instance:executionorder.AnnotationsTest@6f96c77]" started-at="2023-03-10T20:42:20 IST" name="beforeMethod" finished-at="2023-03-10T20:42:20 IST" duration-ms="1" status="PASS">
          <reporter-output>
          </reporter-output>
        </test-method> <!-- beforeMethod -->
        <test-method signature="first()[pri:0, instance:executionorder.AnnotationsTest@6f96c77]" started-at="2023-03-10T20:42:20 IST" name="first" finished-at="2023-03-10T20:42:20 IST" duration-ms="9" status="PASS">
          <reporter-output>
          </reporter-output>
        </test-method> <!-- first -->
        <test-method is-config="true" signature="AfterMethod()[pri:0, instance:executionorder.AnnotationsTest@6f96c77]" started-at="2023-03-10T20:42:20 IST" name="AfterMethod" finished-at="2023-03-10T20:42:20 IST" duration-ms="0" status="PASS">
          <reporter-output>
          </reporter-output>
        </test-method> <!-- AfterMethod -->
        <test-method is-config="true" signature="afterClass()[pri:0, instance:executionorder.AnnotationsTest@6f96c77]" started-at="2023-03-10T20:42:20 IST" name="afterClass" finished-at="2023-03-10T20:42:20 IST" duration-ms="0" status="PASS">
          <reporter-output>
          </reporter-output>
        </test-method> <!-- afterClass -->
        <test-method is-config="true" signature="afterTest()[pri:0, instance:executionorder.AnnotationsTest@6f96c77]" started-at="2023-03-10T20:42:20 IST" name="afterTest" finished-at="2023-03-10T20:42:20 IST" duration-ms="1" status="PASS">
          <reporter-output>
          </reporter-output>
        </test-method> <!-- afterTest -->
        <test-method is-config="true" signature="afterSuite()[pri:0, instance:executionorder.AnnotationsTest@6f96c77]" started-at="2023-03-10T20:42:20 IST" name="afterSuite" finished-at="2023-03-10T20:42:20 IST" duration-ms="1" status="PASS">
          <reporter-output>
          </reporter-output>
        </test-method> <!-- afterSuite -->
      </class> <!-- executionorder.AnnotationsTest -->
      <class name="executionorder.SampleTestngUsage">
        <test-method is-config="true" signature="beforeSuite()[pri:0, instance:executionorder.SampleTestngUsage@36c88a32]" started-at="2023-03-10T20:42:20 IST" name="beforeSuite" finished-at="2023-03-10T20:42:20 IST" duration-ms="7" status="PASS">
          <reporter-output>
          </reporter-output>
        </test-method> <!-- beforeSuite -->
        <test-method is-config="true" signature="beforeTest()[pri:0, instance:executionorder.SampleTestngUsage@36c88a32]" started-at="2023-03-10T20:42:20 IST" name="beforeTest" finished-at="2023-03-10T20:42:20 IST" duration-ms="1" status="PASS">
          <reporter-output>
          </reporter-output>
        </test-method> <!-- beforeTest -->
      </class> <!-- executionorder.SampleTestngUsage -->
    </test> <!-- Sample -->
  </suite> <!-- TestNG Sample -->
</testng-results>
