<?xml version="1.0" encoding="UTF-8"?>
<testng-results ignored="0" total="1" passed="1" failed="0" skipped="0">
  <reporter-output>
  </reporter-output>
  <suite started-at="2023-04-20T18:25:47 IST" name="Default suite" finished-at="2023-04-20T18:26:41 IST" duration-ms="53635">
    <groups>
    </groups>
    <test started-at="2023-04-20T18:25:47 IST" name="Default test" finished-at="2023-04-20T18:26:41 IST" duration-ms="53635">
      <class name="com.selenium.webelement.XpathClass">
        <test-method signature="absoluteXpath()[pri:0, instance:com.selenium.webelement.XpathClass@15c43bd9]" started-at="2023-04-20T18:25:47 IST" name="absoluteXpath" finished-at="2023-04-20T18:26:41 IST" duration-ms="53593" status="PASS">
          <reporter-output>
          </reporter-output>
        </test-method> <!-- absoluteXpath -->
      </class> <!-- com.selenium.webelement.XpathClass -->
    </test> <!-- Default test -->
  </suite> <!-- Default suite -->
</testng-results>
