<?xml version="1.0" encoding="UTF-8"?>
<!-- Generated by org.testng.reporters.JUnitXMLReporter -->
<testsuite ignored="1" hostname="USGURNKUMARSA04" failures="0" tests="3" name="Group Functionality" time="0.056" errors="0" timestamp="2023-03-27T11:43:26 IST">
  <testcase classname="package1.TestCaseGrouping" name="testCaseFour" time="0.011"/>
  <testcase classname="package1.TestCaseGrouping" name="testCaseOne" time="0.001"/>
  <testcase classname="package1.TestCaseGrouping" name="testCaseTwo" time="0.0"/>
  <testcase classname="package1.TestCaseGrouping" name="testCaseThree" time="0.0">
    <ignored/>
  </testcase> <!-- testCaseThree -->
</testsuite> <!-- Group Functionality -->
