<?xml version="1.0" encoding="UTF-8"?>
<!-- Generated by org.testng.reporters.JUnitXMLReporter -->
<testsuite ignored="0" hostname="USGURNKUMARSA04" failures="1" tests="8" name="ITest test" time="0.08" errors="0" timestamp="2023-03-08T21:00:55 IST">
  <testcase classname="com.testing.Itestlistener.ITestListenerDemo" name="myTest1" time="0.007"/>
  <testcase classname="com.testing.Itestlistener.ITestListenerDemo" name="myTest2" time="0.004">
    <failure type="java.lang.AssertionError" message="expected [true] but found [false]">
      <![CDATA[java.lang.AssertionError: expected [true] but found [false]
at com.testing.Itestlistener.ITestListenerDemo.myTest2(ITestListenerDemo.java:29)
at java.base/java.util.ArrayList.forEach(ArrayList.java:1511)
... Removed 31 stack frames]]>
    </failure>
  </testcase> <!-- myTest2 -->
  <testcase classname="com.testing.Itestlistener.ITestListenerDemo" name="myTest3" time="0.001">
    <skipped/>
  </testcase> <!-- myTest3 -->
  <testcase classname="com.testing.Itestlistener.ITestListenerDemo" name="myTest4" time="0.001"/>
  <testcase classname="com.testing.Itestlistener.ITestListenerDemo" name="myTest4" time="0.002"/>
  <testcase classname="com.testing.Itestlistener.ITestListenerDemo" name="myTest4" time="0.001"/>
  <testcase classname="com.testing.Itestlistener.ITestListenerDemo" name="myTest4" time="0.001"/>
  <testcase classname="com.testing.Itestlistener.ITestListenerDemo" name="myTest4" time="0.001"/>
</testsuite> <!-- ITest test -->
