<?xml version="1.0" encoding="UTF-8"?>
<!-- Generated by org.testng.reporters.JUnitXMLReporter -->
<testsuite ignored="0" hostname="USGURNKUMARSA04" failures="1" tests="8" name="Test" time="0.059" errors="0" timestamp="2023-03-27T13:38:24 IST">
  <testcase classname="listeners.ITestListenersTestCases" name="myTest1" time="0.005"/>
  <testcase classname="listeners.ITestListenersTestCases" name="myTest2" time="0.003">
    <failure type="java.lang.AssertionError" message="expected [true] but found [false]">
      <![CDATA[java.lang.AssertionError: expected [true] but found [false]
at listeners.ITestListenersTestCases.myTest2(ITestListenersTestCases.java:29)
at java.base/java.util.ArrayList.forEach(ArrayList.java:1511)
... Removed 31 stack frames]]>
    </failure>
  </testcase> <!-- myTest2 -->
  <testcase classname="listeners.ITestListenersTestCases" name="myTest3" time="0.001">
    <skipped/>
  </testcase> <!-- myTest3 -->
  <testcase classname="listeners.ITestListenersTestCases" name="myTest4" time="0.002"/>
  <testcase classname="listeners.ITestListenersTestCases" name="myTest4" time="0.001"/>
  <testcase classname="listeners.ITestListenersTestCases" name="myTest4" time="0.001"/>
  <testcase classname="listeners.ITestListenersTestCases" name="myTest4" time="0.001"/>
  <testcase classname="listeners.ITestListenersTestCases" name="myTest4" time="0.001"/>
</testsuite> <!-- Test -->
