<?xml version="1.0" encoding="UTF-8"?>
<!-- Generated by org.testng.reporters.JUnitXMLReporter -->
<testsuite ignored="0" hostname="USGURNKUMARSA04" failures="0" tests="3" name="Unit Test" time="0.033" errors="0" timestamp="2023-03-23T23:01:18 IST">
  <testcase classname="com.testing.dataprovider.DataProviderParameterExample" name="commonScenarios" time="0.004"/>
  <testcase classname="com.testing.dataprovider.DataProviderParameterExample" name="scenario1" time="0.0"/>
  <testcase classname="com.testing.dataprovider.DataProviderParameterExample" name="scenario2" time="0.0"/>
</testsuite> <!-- Unit Test -->
