<?xml version="1.0" encoding="UTF-8"?>
<!-- Generated by org.testng.reporters.JUnitXMLReporter -->
<testsuite ignored="0" hostname="USGURNKUMARSA04" failures="0" tests="2" name="Test Parameter via XML file" time="0.015" errors="0" timestamp="2023-03-08T22:18:47 IST">
  <testcase classname="com.testing.traning.TestParameter" name="testCaseOne" time="0.001"/>
  <testcase classname="com.testing.traning.TestParameter" name="testCaseTwo" time="0.002"/>
</testsuite> <!-- Test Parameter via XML file -->
