<?xml version="1.0" encoding="UTF-8"?>
<testng-results ignored="0" total="2" passed="2" failed="0" skipped="0">
  <reporter-output>
  </reporter-output>
  <suite started-at="2023-03-24T23:23:15 IST" name="Suite" finished-at="2023-03-24T23:23:15 IST" duration-ms="50">
    <groups>
    </groups>
    <test started-at="2023-03-24T23:23:15 IST" name="Test" finished-at="2023-03-24T23:23:15 IST" duration-ms="50">
      <class name="com.package1.DemoClass1">
        <test-method signature="testAdd()[pri:0, instance:com.package1.DemoClass1@6b26e945]" started-at="2023-03-24T23:23:15 IST" name="testAdd" finished-at="2023-03-24T23:23:15 IST" duration-ms="11" status="PASS">
          <reporter-output>
          </reporter-output>
        </test-method> <!-- testAdd -->
        <test-method signature="testSubtract()[pri:0, instance:com.package1.DemoClass1@6b26e945]" started-at="2023-03-24T23:23:15 IST" name="testSubtract" finished-at="2023-03-24T23:23:15 IST" duration-ms="2" status="PASS">
          <reporter-output>
          </reporter-output>
        </test-method> <!-- testSubtract -->
      </class> <!-- com.package1.DemoClass1 -->
    </test> <!-- Test -->
  </suite> <!-- Suite -->
</testng-results>
