<?xml version="1.0" encoding="UTF-8"?>
<testng-results ignored="0" total="1" passed="1" failed="0" skipped="0">
  <reporter-output>
  </reporter-output>
  <suite started-at="2023-03-24T11:43:15 IST" name="Default suite" finished-at="2023-03-24T11:43:15 IST" duration-ms="63">
    <groups>
    </groups>
    <test started-at="2023-03-24T11:43:15 IST" name="Default test" finished-at="2023-03-24T11:43:15 IST" duration-ms="63">
      <class name="com.testing.maven.MavenTestNGExample">
        <test-method is-config="true" signature="myBeforeClass()[pri:0, instance:com.testing.maven.MavenTestNGExample@ef9296d]" started-at="2023-03-24T11:43:15 IST" name="myBeforeClass" finished-at="2023-03-24T11:43:15 IST" duration-ms="9" status="PASS">
          <reporter-output>
          </reporter-output>
        </test-method> <!-- myBeforeClass -->
        <test-method signature="myTest()[pri:0, instance:com.testing.maven.MavenTestNGExample@ef9296d]" started-at="2023-03-24T11:43:15 IST" name="myTest" finished-at="2023-03-24T11:43:15 IST" duration-ms="8" status="PASS">
          <reporter-output>
          </reporter-output>
        </test-method> <!-- myTest -->
        <test-method is-config="true" signature="myAfterClass()[pri:0, instance:com.testing.maven.MavenTestNGExample@ef9296d]" started-at="2023-03-24T11:43:15 IST" name="myAfterClass" finished-at="2023-03-24T11:43:15 IST" duration-ms="1" status="PASS">
          <reporter-output>
          </reporter-output>
        </test-method> <!-- myAfterClass -->
      </class> <!-- com.testing.maven.MavenTestNGExample -->
    </test> <!-- Default test -->
  </suite> <!-- Default suite -->
</testng-results>
