<?xml version="1.0" encoding="UTF-8"?>
<testng-results ignored="0" total="8" passed="8" failed="0" skipped="0">
  <reporter-output>
  </reporter-output>
  <suite started-at="2023-03-27T11:53:43 IST" name="Default suite" finished-at="2023-03-27T11:53:43 IST" duration-ms="44">
    <groups>
    </groups>
    <test started-at="2023-03-27T11:53:43 IST" name="Default test" finished-at="2023-03-27T11:53:43 IST" duration-ms="44">
      <class name="dataprovider.DataProviderExample2">
        <test-method signature="test(java.lang.String,java.lang.String)[pri:0, instance:dataprovider.DataProviderExample2@71b1176b]" started-at="2023-03-27T11:53:43 IST" name="test" data-provider="Set1" finished-at="2023-03-27T11:53:43 IST" duration-ms="5" status="PASS">
          <params>
            <param index="0">
              <value>
                <![CDATA[user1]]>
              </value>
            </param>
            <param index="1">
              <value>
                <![CDATA[pass1]]>
              </value>
            </param>
          </params>
          <reporter-output>
          </reporter-output>
        </test-method> <!-- test -->
        <test-method signature="test(java.lang.String,java.lang.String)[pri:0, instance:dataprovider.DataProviderExample2@71b1176b]" started-at="2023-03-27T11:53:43 IST" name="test" data-provider="Set1" finished-at="2023-03-27T11:53:43 IST" duration-ms="1" status="PASS">
          <params>
            <param index="0">
              <value>
                <![CDATA[user2]]>
              </value>
            </param>
            <param index="1">
              <value>
                <![CDATA[pass2]]>
              </value>
            </param>
          </params>
          <reporter-output>
          </reporter-output>
        </test-method> <!-- test -->
        <test-method signature="test(java.lang.String,java.lang.String)[pri:0, instance:dataprovider.DataProviderExample2@71b1176b]" started-at="2023-03-27T11:53:43 IST" name="test" data-provider="Set1" finished-at="2023-03-27T11:53:43 IST" duration-ms="1" status="PASS">
          <params>
            <param index="0">
              <value>
                <![CDATA[user3]]>
              </value>
            </param>
            <param index="1">
              <value>
                <![CDATA[pass3]]>
              </value>
            </param>
          </params>
          <reporter-output>
          </reporter-output>
        </test-method> <!-- test -->
        <test-method signature="test(java.lang.String,java.lang.String)[pri:0, instance:dataprovider.DataProviderExample2@71b1176b]" started-at="2023-03-27T11:53:43 IST" name="test" data-provider="Set1" finished-at="2023-03-27T11:53:43 IST" duration-ms="1" status="PASS">
          <params>
            <param index="0">
              <value>
                <![CDATA[user4]]>
              </value>
            </param>
            <param index="1">
              <value>
                <![CDATA[pass4]]>
              </value>
            </param>
          </params>
          <reporter-output>
          </reporter-output>
        </test-method> <!-- test -->
        <test-method signature="test1(java.lang.String,java.lang.String,java.lang.String)[pri:0, instance:dataprovider.DataProviderExample2@71b1176b]" started-at="2023-03-27T11:53:43 IST" name="test1" data-provider="Set2" finished-at="2023-03-27T11:53:43 IST" duration-ms="1" status="PASS">
          <params>
            <param index="0">
              <value>
                <![CDATA[username]]>
              </value>
            </param>
            <param index="1">
              <value>
                <![CDATA[password]]>
              </value>
            </param>
            <param index="2">
              <value>
                <![CDATA[browser1]]>
              </value>
            </param>
          </params>
          <reporter-output>
          </reporter-output>
        </test-method> <!-- test1 -->
        <test-method signature="test1(java.lang.String,java.lang.String,java.lang.String)[pri:0, instance:dataprovider.DataProviderExample2@71b1176b]" started-at="2023-03-27T11:53:43 IST" name="test1" data-provider="Set2" finished-at="2023-03-27T11:53:43 IST" duration-ms="1" status="PASS">
          <params>
            <param index="0">
              <value>
                <![CDATA[username1]]>
              </value>
            </param>
            <param index="1">
              <value>
                <![CDATA[password1]]>
              </value>
            </param>
            <param index="2">
              <value>
                <![CDATA[browser2]]>
              </value>
            </param>
          </params>
          <reporter-output>
          </reporter-output>
        </test-method> <!-- test1 -->
        <test-method signature="test1(java.lang.String,java.lang.String,java.lang.String)[pri:0, instance:dataprovider.DataProviderExample2@71b1176b]" started-at="2023-03-27T11:53:43 IST" name="test1" data-provider="Set2" finished-at="2023-03-27T11:53:43 IST" duration-ms="1" status="PASS">
          <params>
            <param index="0">
              <value>
                <![CDATA[username2]]>
              </value>
            </param>
            <param index="1">
              <value>
                <![CDATA[password2]]>
              </value>
            </param>
            <param index="2">
              <value>
                <![CDATA[browser3]]>
              </value>
            </param>
          </params>
          <reporter-output>
          </reporter-output>
        </test-method> <!-- test1 -->
        <test-method signature="test1(java.lang.String,java.lang.String,java.lang.String)[pri:0, instance:dataprovider.DataProviderExample2@71b1176b]" started-at="2023-03-27T11:53:43 IST" name="test1" data-provider="Set2" finished-at="2023-03-27T11:53:43 IST" duration-ms="0" status="PASS">
          <params>
            <param index="0">
              <value>
                <![CDATA[username3]]>
              </value>
            </param>
            <param index="1">
              <value>
                <![CDATA[password3]]>
              </value>
            </param>
            <param index="2">
              <value>
                <![CDATA[browser4]]>
              </value>
            </param>
          </params>
          <reporter-output>
          </reporter-output>
        </test-method> <!-- test1 -->
      </class> <!-- dataprovider.DataProviderExample2 -->
    </test> <!-- Default test -->
  </suite> <!-- Default suite -->
</testng-results>
