<?xml version="1.0" encoding="UTF-8"?>
<!-- Generated by org.testng.reporters.JUnitXMLReporter -->
<testsuite ignored="0" hostname="USGURNKUMARSA04" failures="0" tests="3" name="Facebook Login Positive Case" time="0.06" errors="0" timestamp="2023-02-26T16:13:57 IST">
  <testcase classname="mysampletestNGproject.FacebookLogin" name="loginWithInValidCredentials" time="0.011"/>
  <testcase classname="mysampletestNGproject.FacebookLogin" name="loginWithInValidUserName" time="0.001"/>
  <testcase classname="mysampletestNGproject.FacebookLogin" name="loginWithValidCredentials" time="0.001"/>
</testsuite> <!-- Facebook Login Positive Case -->
