<?xml version="1.0" encoding="UTF-8"?>
<!-- Generated by org.testng.reporters.JUnitXMLReporter -->
<testsuite ignored="0" hostname="USGURNKUMARSA04" failures="0" tests="2" name="Facebook Profile Test Case" time="0.008" errors="0" timestamp="2023-02-26T16:13:57 IST">
  <testcase classname="mysampletestNGproject.FacebookProfileTest" name="checkProfileLink" time="0.002"/>
  <testcase classname="mysampletestNGproject.FacebookProfileTest" name="checkProfileLogo" time="0.002"/>
</testsuite> <!-- Facebook Profile Test Case -->
