<?xml version="1.0" encoding="UTF-8"?>
<!-- Generated by org.testng.reporters.JUnitXMLReporter -->
<testsuite ignored="0" hostname="USGURNKUMARSA04" failures="0" tests="4" name="Sample Test Case for Package" time="0.012" errors="0" timestamp="2023-02-26T16:13:57 IST">
  <testcase classname="com.testing.traning.SampleClassOne" name="sampleTestOneMethodOne" time="0.002"/>
  <testcase classname="com.testing.traning.SampleClassOne" name="sampleTestOneMethodTwo" time="0.001"/>
  <testcase classname="com.testing.traning.SampleClassTwo" name="sampleTestTwoMethodOne" time="0.001"/>
  <testcase classname="com.testing.traning.SampleClassTwo" name="sampleTestTwoMethodTwo" time="0.001"/>
</testsuite> <!-- Sample Test Case for Package -->
