<?xml version="1.0" encoding="UTF-8"?>
<!-- Generated by org.testng.reporters.JUnitXMLReporter -->
<testsuite ignored="0" hostname="USGURNKUMARSA04" failures="0" tests="8" name="Default test" time="0.044" errors="0" timestamp="2023-03-27T11:53:43 IST">
  <testcase classname="dataprovider.DataProviderExample2" name="test" time="0.005"/>
  <testcase classname="dataprovider.DataProviderExample2" name="test" time="0.001"/>
  <testcase classname="dataprovider.DataProviderExample2" name="test" time="0.001"/>
  <testcase classname="dataprovider.DataProviderExample2" name="test" time="0.001"/>
  <testcase classname="dataprovider.DataProviderExample2" name="test1" time="0.001"/>
  <testcase classname="dataprovider.DataProviderExample2" name="test1" time="0.001"/>
  <testcase classname="dataprovider.DataProviderExample2" name="test1" time="0.001"/>
  <testcase classname="dataprovider.DataProviderExample2" name="test1" time="0.0"/>
</testsuite> <!-- Default test -->
